
1) Show Street
2) Make Road
3) Add Car
4) Show Cars
5) Update without Debug Info
6) Update with Debug Info
0) Quit

Choice: Number of blocks: 
_____Block 0_____
   Length of block in miles:    Speed limit of block in mph:    Length of cycle in minutes: 
_____Block 1_____
   Length of block in miles:    Speed limit of block in mph: 
1) Show Street
2) Make Road
3) Add Car
4) Show Cars
5) Update without Debug Info
6) Update with Debug Info
0) Quit

Choice: 
1) Show Street
2) Make Road
3) Add Car
4) Show Cars
5) Update without Debug Info
6) Update with Debug Info
0) Quit

Choice: Entry:: -0-> <-0- ::Off:: -0-> <-0- ::Exit

1) Show Street
2) Make Road
3) Add Car
4) Show Cars
5) Update without Debug Info
6) Update with Debug Info
0) Quit

Choice: 
1) Show Street
2) Make Road
3) Add Car
4) Show Cars
5) Update without Debug Info
6) Update with Debug Info
0) Quit

Choice: Entry:: -0-> <-0- ::On:: -0-> <-0- ::Exit

1) Show Street
2) Make Road
3) Add Car
4) Show Cars
5) Update without Debug Info
6) Update with Debug Info
0) Quit

Choice: 
1) Show Street
2) Make Road
3) Add Car
4) Show Cars
5) Update without Debug Info
6) Update with Debug Info
0) Quit

Choice: Entry:: -0-> <-0- ::On:: -0-> <-0- ::Exit

1) Show Street
2) Make Road
3) Add Car
4) Show Cars
5) Update without Debug Info
6) Update with Debug Info
0) Quit

Choice: 
1) Show Street
2) Make Road
3) Add Car
4) Show Cars
5) Update without Debug Info
6) Update with Debug Info
0) Quit

Choice: Entry:: -0-> <-0- ::Off:: -0-> <-0- ::Exit

1) Show Street
2) Make Road
3) Add Car
4) Show Cars
5) Update without Debug Info
6) Update with Debug Info
0) Quit

Choice: 
1) Show Street
2) Make Road
3) Add Car
4) Show Cars
5) Update without Debug Info
6) Update with Debug Info
0) Quit

Choice: Entry:: -0-> <-0- ::Off:: -0-> <-0- ::Exit

1) Show Street
2) Make Road
3) Add Car
4) Show Cars
5) Update without Debug Info
6) Update with Debug Info
0) Quit

Choice: 
1) Show Street
2) Make Road
3) Add Car
4) Show Cars
5) Update without Debug Info
6) Update with Debug Info
0) Quit

Choice: Entry:: -0-> <-0- ::On:: -0-> <-0- ::Exit

1) Show Street
2) Make Road
3) Add Car
4) Show Cars
5) Update without Debug Info
6) Update with Debug Info
0) Quit

Choice: Number of blocks: 
_____Block 0_____
   Length of block in miles:    Speed limit of block in mph:    Length of cycle in minutes: 
_____Block 1_____
   Length of block in miles:    Speed limit of block in mph:    Length of cycle in minutes: 
_____Block 2_____
   Length of block in miles:    Speed limit of block in mph:    Length of cycle in minutes: 
_____Block 3_____
   Length of block in miles:    Speed limit of block in mph: 
1) Show Street
2) Make Road
3) Add Car
4) Show Cars
5) Update without Debug Info
6) Update with Debug Info
0) Quit

Choice: Entry:: -0-> <-0- ::Off:: -0-> <-0- ::Off:: -0-> <-0- ::Off:: -0-> <-0- ::Exit

1) Show Street
2) Make Road
3) Add Car
4) Show Cars
5) Update without Debug Info
6) Update with Debug Info
0) Quit

Choice: 
1) Show Street
2) Make Road
3) Add Car
4) Show Cars
5) Update without Debug Info
6) Update with Debug Info
0) Quit

Choice: Entry:: -0-> <-0- ::Off:: -0-> <-0- ::Off:: -0-> <-0- ::Off:: -0-> <-0- ::Exit

1) Show Street
2) Make Road
3) Add Car
4) Show Cars
5) Update without Debug Info
6) Update with Debug Info
0) Quit

Choice: 
1) Show Street
2) Make Road
3) Add Car
4) Show Cars
5) Update without Debug Info
6) Update with Debug Info
0) Quit

Choice: Entry:: -0-> <-0- ::On:: -0-> <-0- ::Off:: -0-> <-0- ::Off:: -0-> <-0- ::Exit

1) Show Street
2) Make Road
3) Add Car
4) Show Cars
5) Update without Debug Info
6) Update with Debug Info
0) Quit

Choice: 
1) Show Street
2) Make Road
3) Add Car
4) Show Cars
5) Update without Debug Info
6) Update with Debug Info
0) Quit

Choice: Entry:: -0-> <-0- ::On:: -0-> <-0- ::On:: -0-> <-0- ::Off:: -0-> <-0- ::Exit

1) Show Street
2) Make Road
3) Add Car
4) Show Cars
5) Update without Debug Info
6) Update with Debug Info
0) Quit

Choice: 
1) Show Street
2) Make Road
3) Add Car
4) Show Cars
5) Update without Debug Info
6) Update with Debug Info
0) Quit

Choice: Entry:: -0-> <-0- ::Off:: -0-> <-0- ::On:: -0-> <-0- ::On:: -0-> <-0- ::Exit

1) Show Street
2) Make Road
3) Add Car
4) Show Cars
5) Update without Debug Info
6) Update with Debug Info
0) Quit

Choice: 
1) Show Street
2) Make Road
3) Add Car
4) Show Cars
5) Update without Debug Info
6) Update with Debug Info
0) Quit

Choice: Entry:: -0-> <-0- ::Off:: -0-> <-0- ::On:: -0-> <-0- ::On:: -0-> <-0- ::Exit

1) Show Street
2) Make Road
3) Add Car
4) Show Cars
5) Update without Debug Info
6) Update with Debug Info
0) Quit

Choice: 
1) Show Street
2) Make Road
3) Add Car
4) Show Cars
5) Update without Debug Info
6) Update with Debug Info
0) Quit

Choice: Entry:: -0-> <-0- ::On:: -0-> <-0- ::Off:: -0-> <-0- ::On:: -0-> <-0- ::Exit

1) Show Street
2) Make Road
3) Add Car
4) Show Cars
5) Update without Debug Info
6) Update with Debug Info
0) Quit

Choice: 
1) Show Street
2) Make Road
3) Add Car
4) Show Cars
5) Update without Debug Info
6) Update with Debug Info
0) Quit

Choice: Entry:: -0-> <-0- ::On:: -0-> <-0- ::Off:: -0-> <-0- ::On:: -0-> <-0- ::Exit

1) Show Street
2) Make Road
3) Add Car
4) Show Cars
5) Update without Debug Info
6) Update with Debug Info
0) Quit

Choice: 
1) Show Street
2) Make Road
3) Add Car
4) Show Cars
5) Update without Debug Info
6) Update with Debug Info
0) Quit

Choice: Entry:: -0-> <-0- ::Off:: -0-> <-0- ::Off:: -0-> <-0- ::Off:: -0-> <-0- ::Exit

1) Show Street
2) Make Road
3) Add Car
4) Show Cars
5) Update without Debug Info
6) Update with Debug Info
0) Quit

Choice: 
1) Show Street
2) Make Road
3) Add Car
4) Show Cars
5) Update without Debug Info
6) Update with Debug Info
0) Quit

Choice: Entry:: -0-> <-0- ::Off:: -0-> <-0- ::On:: -0-> <-0- ::Off:: -0-> <-0- ::Exit

1) Show Street
2) Make Road
3) Add Car
4) Show Cars
5) Update without Debug Info
6) Update with Debug Info
0) Quit

Choice: 