
1) Show Street
2) Make Road
3) Add Car
4) Show Cars
5) Update without Debug Info
6) Update with Debug Info
0) Quit

Choice: Which end: 0-->left, 1-->right: Which type: 0-->slow, 1-->norm, 2-->fast: 
1) Show Street
2) Make Road
3) Add Car
4) Show Cars
5) Update without Debug Info
6) Update with Debug Info
0) Quit

Choice: Entry:: -1-> <-0- ::Exit

1) Show Street
2) Make Road
3) Add Car
4) Show Cars
5) Update without Debug Info
6) Update with Debug Info
0) Quit

Choice: Which end: 0-->left, 1-->right: Which type: 0-->slow, 1-->norm, 2-->fast: 
1) Show Street
2) Make Road
3) Add Car
4) Show Cars
5) Update without Debug Info
6) Update with Debug Info
0) Quit

Choice: Entry:: -1-> <-1- ::Exit

1) Show Street
2) Make Road
3) Add Car
4) Show Cars
5) Update without Debug Info
6) Update with Debug Info
0) Quit

Choice: Which end: 0-->left, 1-->right: Which type: 0-->slow, 1-->norm, 2-->fast: 
1) Show Street
2) Make Road
3) Add Car
4) Show Cars
5) Update without Debug Info
6) Update with Debug Info
0) Quit

Choice: Entry:: -2-> <-1- ::Exit

1) Show Street
2) Make Road
3) Add Car
4) Show Cars
5) Update without Debug Info
6) Update with Debug Info
0) Quit

Choice: Which end: 0-->left, 1-->right: Which type: 0-->slow, 1-->norm, 2-->fast: 
1) Show Street
2) Make Road
3) Add Car
4) Show Cars
5) Update without Debug Info
6) Update with Debug Info
0) Quit

Choice: Entry:: -2-> <-2- ::Exit

1) Show Street
2) Make Road
3) Add Car
4) Show Cars
5) Update without Debug Info
6) Update with Debug Info
0) Quit

Choice: 