[30m▫[0m[30m▫[0m[30m▫[0m[30m▫[0m[30m▫[0m
[30m▫[0m[30m▫[0m[30m▫[0m[30m▫[0m[30m▫[0m
[30m▫[0m[30m▫[0m[30m▫[0m[30m▫[0m[30m▫[0m
[30m▫[0m[30m▫[0m[30m▫[0m[30m▫[0m[30m▫[0m
[30m▫[0m[30m▫[0m[30m▫[0m[30m▫[0m[30m▫[0m

1) Set Tile
2) Remove tile
3) Make default City
4) Count Zones
5) Set tile color
6) Fix roads
0) Quit

Choice: Invalid option
[30m▫[0m[30m▫[0m[30m▫[0m[30m▫[0m[30m▫[0m
[30m▫[0m[30m▫[0m[30m▫[0m[30m▫[0m[30m▫[0m
[30m▫[0m[30m▫[0m[30m▫[0m[30m▫[0m[30m▫[0m
[30m▫[0m[30m▫[0m[30m▫[0m[30m▫[0m[30m▫[0m
[30m▫[0m[30m▫[0m[30m▫[0m[30m▫[0m[30m▫[0m

1) Set Tile
2) Remove tile
3) Make default City
4) Count Zones
5) Set tile color
6) Fix roads
0) Quit

Choice: Invalid option
[30m▫[0m[30m▫[0m[30m▫[0m[30m▫[0m[30m▫[0m
[30m▫[0m[30m▫[0m[30m▫[0m[30m▫[0m[30m▫[0m
[30m▫[0m[30m▫[0m[30m▫[0m[30m▫[0m[30m▫[0m
[30m▫[0m[30m▫[0m[30m▫[0m[30m▫[0m[30m▫[0m
[30m▫[0m[30m▫[0m[30m▫[0m[30m▫[0m[30m▫[0m

1) Set Tile
2) Remove tile
3) Make default City
4) Count Zones
5) Set tile color
6) Fix roads
0) Quit

Choice: 