
1) Load XML
2) Write XML
3) Display data
4) Add data
5) Remove zip code
6) Find service
7) Total value insured
8) Insurance for
0) Quit
Choice: What zip code: Value: $0.00


1) Load XML
2) Write XML
3) Display data
4) Add data
5) Remove zip code
6) Find service
7) Total value insured
8) Insurance for
0) Quit
Choice: File name: 
1) Load XML
2) Write XML
3) Display data
4) Add data
5) Remove zip code
6) Find service
7) Total value insured
8) Insurance for
0) Quit
Choice: What zip code: Value: $1,023,000.00


1) Load XML
2) Write XML
3) Display data
4) Add data
5) Remove zip code
6) Find service
7) Total value insured
8) Insurance for
0) Quit
Choice: What zip code: Value: $23,500.00


1) Load XML
2) Write XML
3) Display data
4) Add data
5) Remove zip code
6) Find service
7) Total value insured
8) Insurance for
0) Quit
Choice: What zip code: Added zip code

1) Load XML
2) Write XML
3) Display data
4) Add data
5) Remove zip code
6) Find service
7) Total value insured
8) Insurance for
0) Quit
Choice: What zip code: Value: $0.00


1) Load XML
2) Write XML
3) Display data
4) Add data
5) Remove zip code
6) Find service
7) Total value insured
8) Insurance for
0) Quit
Choice: What zip code: What owner: Add Car y/n? Make: Model: Year: Value: Add Accident y/n? 
1) Load XML
2) Write XML
3) Display data
4) Add data
5) Remove zip code
6) Find service
7) Total value insured
8) Insurance for
0) Quit
Choice: What zip code: Value: $1,069,000.00


1) Load XML
2) Write XML
3) Display data
4) Add data
5) Remove zip code
6) Find service
7) Total value insured
8) Insurance for
0) Quit
Choice: What zip code: What owner: Added owner

1) Load XML
2) Write XML
3) Display data
4) Add data
5) Remove zip code
6) Find service
7) Total value insured
8) Insurance for
0) Quit
Choice: What zip code: What owner: Add Car y/n? Make: Model: Year: Value: Add Accident y/n? 
1) Load XML
2) Write XML
3) Display data
4) Add data
5) Remove zip code
6) Find service
7) Total value insured
8) Insurance for
0) Quit
Choice: What zip code: Value: $45,000.00


1) Load XML
2) Write XML
3) Display data
4) Add data
5) Remove zip code
6) Find service
7) Total value insured
8) Insurance for
0) Quit
Choice: 
