
1) Load XML
2) Write XML
3) Display data
4) Add data
5) Remove zip code
6) Find service
7) Total value insured
8) Insurance for
0) Quit
Choice: file name: 
1) Load XML
2) Write XML
3) Display data
4) Add data
5) Remove zip code
6) Find service
7) Total value insured
8) Insurance for
0) Quit
Choice: file name:
1) Load XML
2) Write XML
3) Display data
4) Add data
5) Remove zip code
6) Find service
7) Total value insured
8) Insurance for
0) Quit
Choice: file name: could not open file: doesNotExist.xml (The system cannot find the file specified)
1) Load XML
2) Write XML
3) Display data
4) Add data
5) Remove zip code
6) Find service
7) Total value insured
8) Insurance for
0) Quit
Choice: file name: invalid xml file. needs to be an insurance xml file

1) Load XML
2) Write XML
3) Display data
4) Add data
5) Remove zip code
6) Find service
7) Total value insured
8) Insurance for
0) Quit
Choice: 