
1) Load XML
2) Write XML
3) Display data
4) Add data
5) Remove zip code
6) Find service
7) Total value insured
8) Insurance for
0) Quit
Choice: File name: 
1) Load XML
2) Write XML
3) Display data
4) Add data
5) Remove zip code
6) Find service
7) Total value insured
8) Insurance for
0) Quit
Choice: File name: 
1) Load XML
2) Write XML
3) Display data
4) Add data
5) Remove zip code
6) Find service
7) Total value insured
8) Insurance for
0) Quit
Choice: Code: "Easy Fix" handles code: 1. Description: Oil change: $36

1) Load XML
2) Write XML
3) Display data
4) Add data
5) Remove zip code
6) Find service
7) Total value insured
8) Insurance for
0) Quit
Choice: Code: "The Mechanic" handles code: 4. Description: Battery change: $32

1) Load XML
2) Write XML
3) Display data
4) Add data
5) Remove zip code
6) Find service
7) Total value insured
8) Insurance for
0) Quit
Choice: Code: "Car dealer" handles code: 10. Description: New key: $275

1) Load XML
2) Write XML
3) Display data
4) Add data
5) Remove zip code
6) Find service
7) Total value insured
8) Insurance for
0) Quit
Choice: Code: Service not found

1) Load XML
2) Write XML
3) Display data
4) Add data
5) Remove zip code
6) Find service
7) Total value insured
8) Insurance for
0) Quit
Choice: 
