
1) Load XML
2) Write XML
3) Display data
4) Add data
5) Remove zip code
6) Find service
7) Total value insured
8) Insurance for
0) Quit
Choice: File name: 
1) Load XML
2) Write XML
3) Display data
4) Add data
5) Remove zip code
6) Find service
7) Total value insured
8) Insurance for
0) Quit
Choice: What zip code: What owner: Monthly payment: $20.00

1) Load XML
2) Write XML
3) Display data
4) Add data
5) Remove zip code
6) Find service
7) Total value insured
8) Insurance for
0) Quit
Choice: What zip code: What owner: Monthly payment: $1,400.00

1) Load XML
2) Write XML
3) Display data
4) Add data
5) Remove zip code
6) Find service
7) Total value insured
8) Insurance for
0) Quit
Choice: What zip code: What owner: Monthly payment: $0.00

1) Load XML
2) Write XML
3) Display data
4) Add data
5) Remove zip code
6) Find service
7) Total value insured
8) Insurance for
0) Quit
Choice: 
